
Error: Evaluation failed: Error: Lexical error on line 7. Unrecognized text.
...-seeded placeholder — refine freelyflow
-----------------------^
    at Parser2.parseError (/home/runner/work/CoCivium/CoCivium/node_modules/mermaid/dist/mermaid.js:32374:23)
    at Object.parseError (/home/runner/work/CoCivium/CoCivium/node_modules/mermaid/dist/mermaid.js:32514:28)
    at Object.next (/home/runner/work/CoCivium/CoCivium/node_modules/mermaid/dist/mermaid.js:32734:25)
    at Object.lex2 [as lex] (/home/runner/work/CoCivium/CoCivium/node_modules/mermaid/dist/mermaid.js:32743:24)
    at lex2 (/home/runner/work/CoCivium/CoCivium/node_modules/mermaid/dist/mermaid.js:32405:43)
    at Parser2.parse2 [as parse] (/home/runner/work/CoCivium/CoCivium/node_modules/mermaid/dist/mermaid.js:32422:24)
    at Diagram.parse (/home/runner/work/CoCivium/CoCivium/node_modules/mermaid/dist/mermaid.js:12295:19)
    at new Diagram (/home/runner/work/CoCivium/CoCivium/node_modules/mermaid/dist/mermaid.js:12282:12)
    at getDiagramFromText$1 (/home/runner/work/CoCivium/CoCivium/node_modules/mermaid/dist/mermaid.js:12319:12)
    at async Object.render$4 [as render] (/home/runner/work/CoCivium/CoCivium/node_modules/mermaid/dist/mermaid.js:14675:14)
    at ExecutionContext._ExecutionContext_evaluate (file:///home/runner/work/CoCivium/CoCivium/node_modules/puppeteer-core/lib/esm/puppeteer/common/ExecutionContext.js:254:15)
    at process.processTicksAndRejections (node:internal/process/task_queues:95:5)
    at async ExecutionContext.evaluate (file:///home/runner/work/CoCivium/CoCivium/node_modules/puppeteer-core/lib/esm/puppeteer/common/ExecutionContext.js:143:16)
    at async CDPJSHandle.evaluate (file:///home/runner/work/CoCivium/CoCivium/node_modules/puppeteer-core/lib/esm/puppeteer/common/JSHandle.js:56:16)
    at async CDPElementHandle.$eval (file:///home/runner/work/CoCivium/CoCivium/node_modules/puppeteer-core/lib/esm/puppeteer/common/ElementHandle.js:86:24)
    at async renderMermaid (file:///home/runner/work/CoCivium/CoCivium/node_modules/@mermaid-js/mermaid-cli/src/index.js:256:22)
    at async parseMMD (file:///home/runner/work/CoCivium/CoCivium/node_modules/@mermaid-js/mermaid-cli/src/index.js:227:20)
    at async run (file:///home/runner/work/CoCivium/CoCivium/node_modules/@mermaid-js/mermaid-cli/src/index.js:491:20)
    at async cli (file:///home/runner/work/CoCivium/CoCivium/node_modules/@mermaid-js/mermaid-cli/src/index.js:192:3)

